  源.cpp
G:\college\大一下\数据结构\homework\Project1\Project7\源.cpp(6,2): error C3861: “hello”: 找不到标识符
G:\college\大一下\数据结构\homework\Project1\Project7\源.cpp(8,12): error C2065: “BTNode”: 未声明的标识符
G:\college\大一下\数据结构\homework\Project1\Project7\源.cpp(8,20): error C2065: “b”: 未声明的标识符
G:\college\大一下\数据结构\homework\Project1\Project7\源.cpp(8,23): error C2065: “SqBTree”: 未声明的标识符
G:\college\大一下\数据结构\homework\Project1\Project7\源.cpp(8,31): error C2146: 语法错误: 缺少“)”(在标识符“a”的前面)
G:\college\大一下\数据结构\homework\Project1\Project7\源.cpp(9,1): error C2143: 语法错误: 缺少“;”(在“{”的前面)
G:\college\大一下\数据结构\homework\Project1\Project7\源.cpp(9,1): error C2447: “{”: 缺少函数标题(是否是老式的形式表?)
G:\college\大一下\数据结构\homework\Project1\Project7\源.cpp(19,18): error C2065: “BTNode”: 未声明的标识符
G:\college\大一下\数据结构\homework\Project1\Project7\源.cpp(19,26): error C2065: “b”: 未声明的标识符
G:\college\大一下\数据结构\homework\Project1\Project7\源.cpp(19,33): error C2062: 意外的类型“char”
G:\college\大一下\数据结构\homework\Project1\Project7\源.cpp(20,1): error C2143: 语法错误: 缺少“;”(在“{”的前面)
G:\college\大一下\数据结构\homework\Project1\Project7\源.cpp(20,1): error C2447: “{”: 缺少函数标题(是否是老式的形式表?)
G:\college\大一下\数据结构\homework\Project1\Project7\源.cpp(26,14): error C2065: “BTNode”: 未声明的标识符
G:\college\大一下\数据结构\homework\Project1\Project7\源.cpp(26,22): error C2065: “b”: 未声明的标识符
G:\college\大一下\数据结构\homework\Project1\Project7\源.cpp(26,23): error C2182: “MinNode”: 非法使用“void”类型
G:\college\大一下\数据结构\homework\Project1\Project7\源.cpp(27,1): error C2448: “MinNode”: 函数样式初始值设定项类似函数定义
G:\college\大一下\数据结构\homework\Project1\Project7\源.cpp(35,16): error C2065: “BTNode”: 未声明的标识符
G:\college\大一下\数据结构\homework\Project1\Project7\源.cpp(35,24): error C2065: “p”: 未声明的标识符
G:\college\大一下\数据结构\homework\Project1\Project7\源.cpp(35,25): error C2182: “PrintNode”: 非法使用“void”类型
G:\college\大一下\数据结构\homework\Project1\Project7\源.cpp(36,1): error C2448: “PrintNode”: 函数样式初始值设定项类似函数定义
G:\college\大一下\数据结构\homework\Project1\Project7\源.cpp(44,14): error C2065: “BTNode”: 未声明的标识符
G:\college\大一下\数据结构\homework\Project1\Project7\源.cpp(44,22): error C2065: “b”: 未声明的标识符
G:\college\大一下\数据结构\homework\Project1\Project7\源.cpp(44,30): error C2062: 意外的类型“char”
G:\college\大一下\数据结构\homework\Project1\Project7\源.cpp(45,1): error C2143: 语法错误: 缺少“;”(在“{”的前面)
G:\college\大一下\数据结构\homework\Project1\Project7\源.cpp(45,1): error C2447: “{”: 缺少函数标题(是否是老式的形式表?)
G:\college\大一下\数据结构\homework\Project1\Project7\源.cpp(60,16): error C2065: “BTNode”: 未声明的标识符
G:\college\大一下\数据结构\homework\Project1\Project7\源.cpp(60,24): error C2065: “b”: 未声明的标识符
G:\college\大一下\数据结构\homework\Project1\Project7\源.cpp(61,1): error C2448: “CompBTree”: 函数样式初始值设定项类似函数定义
G:\college\大一下\数据结构\homework\Project1\Project7\源.cpp(95,12): error C2065: “MatGraph”: 未声明的标识符
G:\college\大一下\数据结构\homework\Project1\Project7\源.cpp(95,21): error C2146: 语法错误: 缺少“)”(在标识符“g”的前面)
G:\college\大一下\数据结构\homework\Project1\Project7\源.cpp(96,1): error C2143: 语法错误: 缺少“;”(在“{”的前面)
G:\college\大一下\数据结构\homework\Project1\Project7\源.cpp(96,1): error C2447: “{”: 缺少函数标题(是否是老式的形式表?)
G:\college\大一下\数据结构\homework\Project1\Project7\源.cpp(108,13): error C2065: “MatGraph”: 未声明的标识符
G:\college\大一下\数据结构\homework\Project1\Project7\源.cpp(108,22): error C2146: 语法错误: 缺少“)”(在标识符“g”的前面)
G:\college\大一下\数据结构\homework\Project1\Project7\源.cpp(109,1): error C2143: 语法错误: 缺少“;”(在“{”的前面)
G:\college\大一下\数据结构\homework\Project1\Project7\源.cpp(109,1): error C2447: “{”: 缺少函数标题(是否是老式的形式表?)
G:\college\大一下\数据结构\homework\Project1\Project7\源.cpp(121,17): error C2065: “MatGraph”: 未声明的标识符
G:\college\大一下\数据结构\homework\Project1\Project7\源.cpp(121,26): error C2146: 语法错误: 缺少“)”(在标识符“g”的前面)
G:\college\大一下\数据结构\homework\Project1\Project7\源.cpp(122,1): error C2143: 语法错误: 缺少“;”(在“{”的前面)
G:\college\大一下\数据结构\homework\Project1\Project7\源.cpp(122,1): error C2447: “{”: 缺少函数标题(是否是老式的形式表?)
G:\college\大一下\数据结构\homework\Project1\Project7\源.cpp(139,12): error C2065: “AdjGraph”: 未声明的标识符
G:\college\大一下\数据结构\homework\Project1\Project7\源.cpp(139,22): error C2065: “G”: 未声明的标识符
G:\college\大一下\数据结构\homework\Project1\Project7\源.cpp(139,23): error C2182: “InDs2”: 非法使用“void”类型
G:\college\大一下\数据结构\homework\Project1\Project7\源.cpp(140,1): error C2448: “InDs2”: 函数样式初始值设定项类似函数定义
G:\college\大一下\数据结构\homework\Project1\Project7\源.cpp(158,13): error C2065: “AdjGraph”: 未声明的标识符
G:\college\大一下\数据结构\homework\Project1\Project7\源.cpp(158,23): error C2065: “G”: 未声明的标识符
G:\college\大一下\数据结构\homework\Project1\Project7\源.cpp(158,24): error C2182: “OutDs2”: 非法使用“void”类型
G:\college\大一下\数据结构\homework\Project1\Project7\源.cpp(159,1): error C2448: “OutDs2”: 函数样式初始值设定项类似函数定义
G:\college\大一下\数据结构\homework\Project1\Project7\源.cpp(175,17): error C2065: “AdjGraph”: 未声明的标识符
G:\college\大一下\数据结构\homework\Project1\Project7\源.cpp(175,27): error C2065: “G”: 未声明的标识符
G:\college\大一下\数据结构\homework\Project1\Project7\源.cpp(175,28): error C2182: “ZeroOutDs2”: 非法使用“void”类型
G:\college\大一下\数据结构\homework\Project1\Project7\源.cpp(176,1): error C2448: “ZeroOutDs2”: 函数样式初始值设定项类似函数定义
G:\college\大一下\数据结构\homework\Project1\Project7\源.cpp(195,13): error C2065: “MAXV”: 未声明的标识符
G:\college\大一下\数据结构\homework\Project1\Project7\源.cpp(196,15): error C2065: “AdjGraph”: 未声明的标识符
G:\college\大一下\数据结构\homework\Project1\Project7\源.cpp(196,25): error C2065: “G”: 未声明的标识符
G:\college\大一下\数据结构\homework\Project1\Project7\源.cpp(196,32): error C2062: 意外的类型“int”
G:\college\大一下\数据结构\homework\Project1\Project7\源.cpp(197,1): error C2143: 语法错误: 缺少“;”(在“{”的前面)
G:\college\大一下\数据结构\homework\Project1\Project7\源.cpp(197,1): error C2447: “{”: 缺少函数标题(是否是老式的形式表?)
G:\college\大一下\数据结构\homework\Project1\Project7\源.cpp(220,2): error C2065: “AdjGraph”: 未声明的标识符
G:\college\大一下\数据结构\homework\Project1\Project7\源.cpp(220,12): error C2065: “G”: 未声明的标识符
G:\college\大一下\数据结构\homework\Project1\Project7\源.cpp(221,8): error C2065: “MAXV”: 未声明的标识符
G:\college\大一下\数据结构\homework\Project1\Project7\源.cpp(221,14): error C2065: “MAXV”: 未声明的标识符
G:\college\大一下\数据结构\homework\Project1\Project7\源.cpp(222,11): error C2065: “INF”: 未声明的标识符
G:\college\大一下\数据结构\homework\Project1\Project7\源.cpp(222,15): error C2065: “INF”: 未声明的标识符
G:\college\大一下\数据结构\homework\Project1\Project7\源.cpp(222,19): error C2065: “INF”: 未声明的标识符
G:\college\大一下\数据结构\homework\Project1\Project7\源.cpp(223,3): error C2065: “INF”: 未声明的标识符
G:\college\大一下\数据结构\homework\Project1\Project7\源.cpp(223,11): error C2065: “INF”: 未声明的标识符
G:\college\大一下\数据结构\homework\Project1\Project7\源.cpp(223,17): error C2065: “INF”: 未声明的标识符
G:\college\大一下\数据结构\homework\Project1\Project7\源.cpp(223,21): error C2065: “INF”: 未声明的标识符
G:\college\大一下\数据结构\homework\Project1\Project7\源.cpp(224,3): error C2065: “INF”: 未声明的标识符
G:\college\大一下\数据结构\homework\Project1\Project7\源.cpp(224,7): error C2065: “INF”: 未声明的标识符
G:\college\大一下\数据结构\homework\Project1\Project7\源.cpp(224,13): error C2065: “INF”: 未声明的标识符
G:\college\大一下\数据结构\homework\Project1\Project7\源.cpp(224,21): error C2065: “INF”: 未声明的标识符
G:\college\大一下\数据结构\homework\Project1\Project7\源.cpp(225,3): error C2065: “INF”: 未声明的标识符
G:\college\大一下\数据结构\homework\Project1\Project7\源.cpp(225,7): error C2065: “INF”: 未声明的标识符
G:\college\大一下\数据结构\homework\Project1\Project7\源.cpp(225,15): error C2065: “INF”: 未声明的标识符
G:\college\大一下\数据结构\homework\Project1\Project7\源.cpp(225,21): error C2065: “INF”: 未声明的标识符
G:\college\大一下\数据结构\homework\Project1\Project7\源.cpp(226,3): error C2065: “INF”: 未声明的标识符
G:\college\大一下\数据结构\homework\Project1\Project7\源.cpp(226,7): error C2065: “INF”: 未声明的标识符
G:\college\大一下\数据结构\homework\Project1\Project7\源.cpp(226,11): error C2065: “INF”: 未声明的标识符
G:\college\大一下\数据结构\homework\Project1\Project7\源.cpp(226,15): error C2065: “INF”: 未声明的标识符
G:\college\大一下\数据结构\homework\Project1\Project7\源.cpp(226,21): error C2065: “INF”: 未声明的标识符
G:\college\大一下\数据结构\homework\Project1\Project7\源.cpp(227,3): error C2065: “INF”: 未声明的标识符
G:\college\大一下\数据结构\homework\Project1\Project7\源.cpp(227,7): error C2065: “INF”: 未声明的标识符
G:\college\大一下\数据结构\homework\Project1\Project7\源.cpp(227,11): error C2065: “INF”: 未声明的标识符
G:\college\大一下\数据结构\homework\Project1\Project7\源.cpp(227,15): error C2065: “INF”: 未声明的标识符
G:\college\大一下\数据结构\homework\Project1\Project7\源.cpp(228,3): error C2065: “INF”: 未声明的标识符
G:\college\大一下\数据结构\homework\Project1\Project7\源.cpp(228,7): error C2065: “INF”: 未声明的标识符
G:\college\大一下\数据结构\homework\Project1\Project7\源.cpp(228,11): error C2065: “INF”: 未声明的标识符
G:\college\大一下\数据结构\homework\Project1\Project7\源.cpp(228,15): error C2065: “INF”: 未声明的标识符
G:\college\大一下\数据结构\homework\Project1\Project7\源.cpp(228,19): error C2065: “INF”: 未声明的标识符
G:\college\大一下\数据结构\homework\Project1\Project7\源.cpp(228,23): error C2065: “INF”: 未声明的标识符
G:\college\大一下\数据结构\homework\Project1\Project7\源.cpp(222,5): error C2078: 初始值设定项太多
G:\college\大一下\数据结构\homework\Project1\Project7\源.cpp(231,12): error C2065: “G”: 未声明的标识符
G:\college\大一下\数据结构\homework\Project1\Project7\源.cpp(231,2): error C3861: “CreateAdj”: 找不到标识符
G:\college\大一下\数据结构\homework\Project1\Project7\源.cpp(233,10): error C2065: “G”: 未声明的标识符
G:\college\大一下\数据结构\homework\Project1\Project7\源.cpp(233,2): error C3861: “DispAdj”: 找不到标识符
G:\college\大一下\数据结构\homework\Project1\Project7\源.cpp(235,11): error C2065: “MAXV”: 未声明的标识符
G:\college\大一下\数据结构\homework\Project1\Project7\源.cpp(237,11): error C2065: “G”: 未声明的标识符
G:\college\大一下\数据结构\homework\Project1\Project7\源.cpp(237,2): error C3861: “findpath”: 找不到标识符
G:\college\大一下\数据结构\homework\Project1\Project7\源.cpp(238,13): error C2065: “G”: 未声明的标识符
G:\college\大一下\数据结构\homework\Project1\Project7\源.cpp(238,14): fatal error C1003: 错误计数超过 100；正在停止编译
